2021-12-01 17:25:57,351 INFO  [background-preinit] Version: HV000001: Hibernate Validator 6.0.13.Final
2021-12-01 17:25:57,355 INFO  [main] SpringbootApplication: Starting SpringbootApplication using Java 1.8.0_131 on DESKTOP-UCTQGUL with PID 22500 (G:\springboot-demo\target\classes started by CCH in G:\springboot-demo)
2021-12-01 17:25:57,356 INFO  [main] SpringbootApplication: No active profile set, falling back to default profiles: default
2021-12-01 17:25:58,993 INFO  [main] TomcatWebServer: Tomcat initialized with port(s): 8080 (http)
2021-12-01 17:25:59,002 INFO  [main] Http11NioProtocol: Initializing ProtocolHandler ["http-nio-8080"]
2021-12-01 17:25:59,003 INFO  [main] StandardService: Starting service [Tomcat]
2021-12-01 17:25:59,003 INFO  [main] StandardEngine: Starting Servlet engine: [Apache Tomcat/9.0.54]
2021-12-01 17:25:59,004 INFO  [main] AprLifecycleListener: An older version [1.2.25] of the Apache Tomcat Native library is installed, while Tomcat recommends a minimum version of [1.2.30]
2021-12-01 17:25:59,004 INFO  [main] AprLifecycleListener: Loaded Apache Tomcat Native library [1.2.25] using APR version [1.7.0].
2021-12-01 17:25:59,004 INFO  [main] AprLifecycleListener: APR capabilities: IPv6 [true], sendfile [true], accept filters [false], random [true], UDS [false].
2021-12-01 17:25:59,004 INFO  [main] AprLifecycleListener: APR/OpenSSL configuration: useAprConnector [false], useOpenSSL [true]
2021-12-01 17:25:59,006 INFO  [main] AprLifecycleListener: OpenSSL successfully initialized [OpenSSL 1.1.1g  21 Apr 2020]
2021-12-01 17:25:59,112 INFO  [main] [/]: Initializing Spring embedded WebApplicationContext
2021-12-01 17:25:59,112 INFO  [main] ServletWebServerApplicationContext: Root WebApplicationContext: initialization completed in 1702 ms
2021-12-01 17:25:59,229 WARN  [main] AnnotationConfigServletWebServerApplicationContext: Exception encountered during context initialization - cancelling refresh attempt: org.springframework.beans.factory.BeanCreationException: Error creating bean with name 'accountController': Injection of resource dependencies failed; nested exception is org.springframework.beans.factory.BeanCreationException: Error creating bean with name 'accountServiceImpl': Injection of resource dependencies failed; nested exception is org.springframework.beans.factory.UnsatisfiedDependencyException: Error creating bean with name 'accountMapper' defined in file [G:\springboot-demo\target\classes\com\cch\demo\account\mapper\AccountMapper.class]: Unsatisfied dependency expressed through bean property 'sqlSessionFactory'; nested exception is org.springframework.beans.factory.UnsatisfiedDependencyException: Error creating bean with name 'sqlSessionFactory' defined in class path resource [com/baomidou/mybatisplus/autoconfigure/MybatisPlusAutoConfiguration.class]: Unsatisfied dependency expressed through method 'sqlSessionFactory' parameter 0; nested exception is org.springframework.beans.factory.BeanCreationException: Error creating bean with name 'dataSource' defined in class path resource [org/springframework/boot/autoconfigure/jdbc/DataSourceConfiguration$Hikari.class]: Bean instantiation via factory method failed; nested exception is org.springframework.beans.BeanInstantiationException: Failed to instantiate [com.zaxxer.hikari.HikariDataSource]: Factory method 'dataSource' threw exception; nested exception is org.springframework.boot.autoconfigure.jdbc.DataSourceProperties$DataSourceBeanCreationException: Failed to determine a suitable driver class
2021-12-01 17:25:59,231 INFO  [main] StandardService: Stopping service [Tomcat]
2021-12-01 17:25:59,286 INFO  [main] ConditionEvaluationReportLoggingListener: 

Error starting ApplicationContext. To display the conditions report re-run your application with 'debug' enabled.
2021-12-01 17:25:59,432 ERROR [main] LoggingFailureAnalysisReporter: 

***************************
APPLICATION FAILED TO START
***************************

Description:

Failed to configure a DataSource: 'url' attribute is not specified and no embedded datasource could be configured.

Reason: Failed to determine a suitable driver class


Action:

Consider the following:
	If you want an embedded database (H2, HSQL or Derby), please put it on the classpath.
	If you have database settings to be loaded from a particular profile you may need to activate it (no profiles are currently active).

2021-12-01 17:58:26,479 INFO  [background-preinit] Version: HV000001: Hibernate Validator 6.0.13.Final
2021-12-01 17:58:26,489 INFO  [main] SpringbootApplication: Starting SpringbootApplication using Java 1.8.0_131 on DESKTOP-UCTQGUL with PID 1856 (G:\springboot-demo\target\classes started by CCH in G:\springboot-demo)
2021-12-01 17:58:26,489 INFO  [main] SpringbootApplication: No active profile set, falling back to default profiles: default
2021-12-01 17:58:28,085 INFO  [main] TomcatWebServer: Tomcat initialized with port(s): 8080 (http)
2021-12-01 17:58:28,094 INFO  [main] Http11NioProtocol: Initializing ProtocolHandler ["http-nio-8080"]
2021-12-01 17:58:28,095 INFO  [main] StandardService: Starting service [Tomcat]
2021-12-01 17:58:28,095 INFO  [main] StandardEngine: Starting Servlet engine: [Apache Tomcat/9.0.54]
2021-12-01 17:58:28,096 INFO  [main] AprLifecycleListener: An older version [1.2.25] of the Apache Tomcat Native library is installed, while Tomcat recommends a minimum version of [1.2.30]
2021-12-01 17:58:28,096 INFO  [main] AprLifecycleListener: Loaded Apache Tomcat Native library [1.2.25] using APR version [1.7.0].
2021-12-01 17:58:28,097 INFO  [main] AprLifecycleListener: APR capabilities: IPv6 [true], sendfile [true], accept filters [false], random [true], UDS [false].
2021-12-01 17:58:28,097 INFO  [main] AprLifecycleListener: APR/OpenSSL configuration: useAprConnector [false], useOpenSSL [true]
2021-12-01 17:58:28,099 INFO  [main] AprLifecycleListener: OpenSSL successfully initialized [OpenSSL 1.1.1g  21 Apr 2020]
2021-12-01 17:58:28,260 INFO  [main] [/]: Initializing Spring embedded WebApplicationContext
2021-12-01 17:58:28,263 INFO  [main] ServletWebServerApplicationContext: Root WebApplicationContext: initialization completed in 1719 ms
2021-12-01 17:58:28,375 WARN  [main] AnnotationConfigServletWebServerApplicationContext: Exception encountered during context initialization - cancelling refresh attempt: org.springframework.beans.factory.BeanCreationException: Error creating bean with name 'accountController': Injection of resource dependencies failed; nested exception is org.springframework.beans.factory.BeanCreationException: Error creating bean with name 'accountServiceImpl': Injection of resource dependencies failed; nested exception is org.springframework.beans.factory.UnsatisfiedDependencyException: Error creating bean with name 'accountMapper' defined in file [G:\springboot-demo\target\classes\com\cch\demo\account\mapper\AccountMapper.class]: Unsatisfied dependency expressed through bean property 'sqlSessionFactory'; nested exception is org.springframework.beans.factory.UnsatisfiedDependencyException: Error creating bean with name 'sqlSessionFactory' defined in class path resource [com/baomidou/mybatisplus/autoconfigure/MybatisPlusAutoConfiguration.class]: Unsatisfied dependency expressed through method 'sqlSessionFactory' parameter 0; nested exception is org.springframework.beans.factory.BeanCreationException: Error creating bean with name 'dataSource' defined in class path resource [org/springframework/boot/autoconfigure/jdbc/DataSourceConfiguration$Hikari.class]: Bean instantiation via factory method failed; nested exception is org.springframework.beans.BeanInstantiationException: Failed to instantiate [com.zaxxer.hikari.HikariDataSource]: Factory method 'dataSource' threw exception; nested exception is org.springframework.boot.autoconfigure.jdbc.DataSourceProperties$DataSourceBeanCreationException: Failed to determine a suitable driver class
2021-12-01 17:58:28,377 INFO  [main] StandardService: Stopping service [Tomcat]
2021-12-01 17:58:28,430 INFO  [main] ConditionEvaluationReportLoggingListener: 

Error starting ApplicationContext. To display the conditions report re-run your application with 'debug' enabled.
2021-12-01 17:58:28,440 ERROR [main] LoggingFailureAnalysisReporter: 

***************************
APPLICATION FAILED TO START
***************************

Description:

Failed to configure a DataSource: 'url' attribute is not specified and no embedded datasource could be configured.

Reason: Failed to determine a suitable driver class


Action:

Consider the following:
	If you want an embedded database (H2, HSQL or Derby), please put it on the classpath.
	If you have database settings to be loaded from a particular profile you may need to activate it (no profiles are currently active).

2021-12-01 18:13:18,348 INFO  [background-preinit] Version: HV000001: Hibernate Validator 6.0.13.Final
2021-12-01 18:13:18,352 INFO  [main] SpringbootApplication: Starting SpringbootApplication using Java 1.8.0_131 on DESKTOP-UCTQGUL with PID 20884 (G:\springboot-demo\target\classes started by CCH in G:\springboot-demo)
2021-12-01 18:13:18,352 INFO  [main] SpringbootApplication: No active profile set, falling back to default profiles: default
2021-12-01 18:13:20,049 INFO  [main] TomcatWebServer: Tomcat initialized with port(s): 8080 (http)
2021-12-01 18:13:20,059 INFO  [main] Http11NioProtocol: Initializing ProtocolHandler ["http-nio-8080"]
2021-12-01 18:13:20,059 INFO  [main] StandardService: Starting service [Tomcat]
2021-12-01 18:13:20,059 INFO  [main] StandardEngine: Starting Servlet engine: [Apache Tomcat/9.0.54]
2021-12-01 18:13:20,060 INFO  [main] AprLifecycleListener: An older version [1.2.25] of the Apache Tomcat Native library is installed, while Tomcat recommends a minimum version of [1.2.30]
2021-12-01 18:13:20,061 INFO  [main] AprLifecycleListener: Loaded Apache Tomcat Native library [1.2.25] using APR version [1.7.0].
2021-12-01 18:13:20,061 INFO  [main] AprLifecycleListener: APR capabilities: IPv6 [true], sendfile [true], accept filters [false], random [true], UDS [false].
2021-12-01 18:13:20,061 INFO  [main] AprLifecycleListener: APR/OpenSSL configuration: useAprConnector [false], useOpenSSL [true]
2021-12-01 18:13:20,063 INFO  [main] AprLifecycleListener: OpenSSL successfully initialized [OpenSSL 1.1.1g  21 Apr 2020]
2021-12-01 18:13:20,161 INFO  [main] [/]: Initializing Spring embedded WebApplicationContext
2021-12-01 18:13:20,161 INFO  [main] ServletWebServerApplicationContext: Root WebApplicationContext: initialization completed in 1760 ms
2021-12-01 18:13:20,276 WARN  [main] AnnotationConfigServletWebServerApplicationContext: Exception encountered during context initialization - cancelling refresh attempt: org.springframework.beans.factory.BeanCreationException: Error creating bean with name 'accountController': Injection of resource dependencies failed; nested exception is org.springframework.beans.factory.BeanCreationException: Error creating bean with name 'accountServiceImpl': Injection of resource dependencies failed; nested exception is org.springframework.beans.factory.UnsatisfiedDependencyException: Error creating bean with name 'accountMapper' defined in file [G:\springboot-demo\target\classes\com\cch\demo\account\mapper\AccountMapper.class]: Unsatisfied dependency expressed through bean property 'sqlSessionFactory'; nested exception is org.springframework.beans.factory.UnsatisfiedDependencyException: Error creating bean with name 'sqlSessionFactory' defined in class path resource [com/baomidou/mybatisplus/autoconfigure/MybatisPlusAutoConfiguration.class]: Unsatisfied dependency expressed through method 'sqlSessionFactory' parameter 0; nested exception is org.springframework.beans.factory.BeanCreationException: Error creating bean with name 'dataSource' defined in class path resource [org/springframework/boot/autoconfigure/jdbc/DataSourceConfiguration$Hikari.class]: Bean instantiation via factory method failed; nested exception is org.springframework.beans.BeanInstantiationException: Failed to instantiate [com.zaxxer.hikari.HikariDataSource]: Factory method 'dataSource' threw exception; nested exception is org.springframework.boot.autoconfigure.jdbc.DataSourceProperties$DataSourceBeanCreationException: Failed to determine a suitable driver class
2021-12-01 18:13:20,278 INFO  [main] StandardService: Stopping service [Tomcat]
2021-12-01 18:13:20,334 INFO  [main] ConditionEvaluationReportLoggingListener: 

Error starting ApplicationContext. To display the conditions report re-run your application with 'debug' enabled.
2021-12-01 18:13:20,349 ERROR [main] LoggingFailureAnalysisReporter: 

***************************
APPLICATION FAILED TO START
***************************

Description:

Failed to configure a DataSource: 'url' attribute is not specified and no embedded datasource could be configured.

Reason: Failed to determine a suitable driver class


Action:

Consider the following:
	If you want an embedded database (H2, HSQL or Derby), please put it on the classpath.
	If you have database settings to be loaded from a particular profile you may need to activate it (no profiles are currently active).

