2021-11-25 17:27:25,628 INFO  [main] SpringbootApplication: Starting SpringbootApplication using Java 1.8.0_131 on DESKTOP-UCTQGUL with PID 18788 (G:\springboot-demo\target\classes started by CCH in G:\springboot-demo)
2021-11-25 17:27:25,631 INFO  [main] SpringbootApplication: No active profile set, falling back to default profiles: default
2021-11-25 17:27:27,088 INFO  [main] TomcatWebServer: Tomcat initialized with port(s): 8080 (http)
2021-11-25 17:27:27,097 INFO  [main] Http11NioProtocol: Initializing ProtocolHandler ["http-nio-8080"]
2021-11-25 17:27:27,098 INFO  [main] StandardService: Starting service [Tomcat]
2021-11-25 17:27:27,098 INFO  [main] StandardEngine: Starting Servlet engine: [Apache Tomcat/9.0.54]
2021-11-25 17:27:27,099 INFO  [main] AprLifecycleListener: An older version [1.2.25] of the Apache Tomcat Native library is installed, while Tomcat recommends a minimum version of [1.2.30]
2021-11-25 17:27:27,099 INFO  [main] AprLifecycleListener: Loaded Apache Tomcat Native library [1.2.25] using APR version [1.7.0].
2021-11-25 17:27:27,099 INFO  [main] AprLifecycleListener: APR capabilities: IPv6 [true], sendfile [true], accept filters [false], random [true], UDS [false].
2021-11-25 17:27:27,099 INFO  [main] AprLifecycleListener: APR/OpenSSL configuration: useAprConnector [false], useOpenSSL [true]
2021-11-25 17:27:27,101 INFO  [main] AprLifecycleListener: OpenSSL successfully initialized [OpenSSL 1.1.1g  21 Apr 2020]
2021-11-25 17:27:27,190 INFO  [main] [/]: Initializing Spring embedded WebApplicationContext
2021-11-25 17:27:27,190 INFO  [main] ServletWebServerApplicationContext: Root WebApplicationContext: initialization completed in 1512 ms
2021-11-25 17:27:27,271 WARN  [main] AnnotationConfigServletWebServerApplicationContext: Exception encountered during context initialization - cancelling refresh attempt: org.springframework.beans.factory.BeanCreationException: Error creating bean with name 'accountController': Injection of resource dependencies failed; nested exception is org.springframework.beans.factory.UnsatisfiedDependencyException: Error creating bean with name 'accountServiceImpl': Unsatisfied dependency expressed through field 'globalMapper'; nested exception is org.springframework.beans.factory.UnsatisfiedDependencyException: Error creating bean with name 'accountMapper' defined in file [G:\springboot-demo\target\classes\com\cch\demo\account\mapper\AccountMapper.class]: Unsatisfied dependency expressed through bean property 'sqlSessionFactory'; nested exception is org.springframework.beans.factory.UnsatisfiedDependencyException: Error creating bean with name 'sqlSessionFactory' defined in class path resource [com/baomidou/mybatisplus/autoconfigure/MybatisPlusAutoConfiguration.class]: Unsatisfied dependency expressed through method 'sqlSessionFactory' parameter 0; nested exception is org.springframework.beans.factory.BeanCreationException: Error creating bean with name 'dataSource' defined in class path resource [org/springframework/boot/autoconfigure/jdbc/DataSourceConfiguration$Hikari.class]: Bean instantiation via factory method failed; nested exception is org.springframework.beans.BeanInstantiationException: Failed to instantiate [com.zaxxer.hikari.HikariDataSource]: Factory method 'dataSource' threw exception; nested exception is org.springframework.boot.autoconfigure.jdbc.DataSourceProperties$DataSourceBeanCreationException: Failed to determine a suitable driver class
2021-11-25 17:27:27,273 INFO  [main] StandardService: Stopping service [Tomcat]
2021-11-25 17:27:27,330 INFO  [main] ConditionEvaluationReportLoggingListener: 

Error starting ApplicationContext. To display the conditions report re-run your application with 'debug' enabled.
2021-11-25 17:27:27,347 ERROR [main] LoggingFailureAnalysisReporter: 

***************************
APPLICATION FAILED TO START
***************************

Description:

Failed to configure a DataSource: 'url' attribute is not specified and no embedded datasource could be configured.

Reason: Failed to determine a suitable driver class


Action:

Consider the following:
	If you want an embedded database (H2, HSQL or Derby), please put it on the classpath.
	If you have database settings to be loaded from a particular profile you may need to activate it (no profiles are currently active).

2021-11-25 17:30:01,700 INFO  [main] SpringbootApplication: Starting SpringbootApplication using Java 1.8.0_131 on DESKTOP-UCTQGUL with PID 1332 (G:\springboot-demo\target\classes started by CCH in G:\springboot-demo)
2021-11-25 17:30:01,702 INFO  [main] SpringbootApplication: No active profile set, falling back to default profiles: default
2021-11-25 17:30:03,201 INFO  [main] TomcatWebServer: Tomcat initialized with port(s): 8080 (http)
2021-11-25 17:30:03,212 INFO  [main] Http11NioProtocol: Initializing ProtocolHandler ["http-nio-8080"]
2021-11-25 17:30:03,212 INFO  [main] StandardService: Starting service [Tomcat]
2021-11-25 17:30:03,212 INFO  [main] StandardEngine: Starting Servlet engine: [Apache Tomcat/9.0.54]
2021-11-25 17:30:03,213 INFO  [main] AprLifecycleListener: An older version [1.2.25] of the Apache Tomcat Native library is installed, while Tomcat recommends a minimum version of [1.2.30]
2021-11-25 17:30:03,213 INFO  [main] AprLifecycleListener: Loaded Apache Tomcat Native library [1.2.25] using APR version [1.7.0].
2021-11-25 17:30:03,213 INFO  [main] AprLifecycleListener: APR capabilities: IPv6 [true], sendfile [true], accept filters [false], random [true], UDS [false].
2021-11-25 17:30:03,213 INFO  [main] AprLifecycleListener: APR/OpenSSL configuration: useAprConnector [false], useOpenSSL [true]
2021-11-25 17:30:03,215 INFO  [main] AprLifecycleListener: OpenSSL successfully initialized [OpenSSL 1.1.1g  21 Apr 2020]
2021-11-25 17:30:03,299 INFO  [main] [/]: Initializing Spring embedded WebApplicationContext
2021-11-25 17:30:03,299 INFO  [main] ServletWebServerApplicationContext: Root WebApplicationContext: initialization completed in 1546 ms
2021-11-25 17:30:03,380 WARN  [main] AnnotationConfigServletWebServerApplicationContext: Exception encountered during context initialization - cancelling refresh attempt: org.springframework.beans.factory.BeanCreationException: Error creating bean with name 'accountController': Injection of resource dependencies failed; nested exception is org.springframework.beans.factory.UnsatisfiedDependencyException: Error creating bean with name 'accountServiceImpl': Unsatisfied dependency expressed through field 'globalMapper'; nested exception is org.springframework.beans.factory.UnsatisfiedDependencyException: Error creating bean with name 'accountMapper' defined in file [G:\springboot-demo\target\classes\com\cch\demo\account\mapper\AccountMapper.class]: Unsatisfied dependency expressed through bean property 'sqlSessionFactory'; nested exception is org.springframework.beans.factory.UnsatisfiedDependencyException: Error creating bean with name 'sqlSessionFactory' defined in class path resource [com/baomidou/mybatisplus/autoconfigure/MybatisPlusAutoConfiguration.class]: Unsatisfied dependency expressed through method 'sqlSessionFactory' parameter 0; nested exception is org.springframework.beans.factory.BeanCreationException: Error creating bean with name 'dataSource' defined in class path resource [org/springframework/boot/autoconfigure/jdbc/DataSourceConfiguration$Hikari.class]: Bean instantiation via factory method failed; nested exception is org.springframework.beans.BeanInstantiationException: Failed to instantiate [com.zaxxer.hikari.HikariDataSource]: Factory method 'dataSource' threw exception; nested exception is org.springframework.boot.autoconfigure.jdbc.DataSourceProperties$DataSourceBeanCreationException: Failed to determine a suitable driver class
2021-11-25 17:30:03,383 INFO  [main] StandardService: Stopping service [Tomcat]
2021-11-25 17:30:03,436 INFO  [main] ConditionEvaluationReportLoggingListener: 

Error starting ApplicationContext. To display the conditions report re-run your application with 'debug' enabled.
2021-11-25 17:30:03,450 ERROR [main] LoggingFailureAnalysisReporter: 

***************************
APPLICATION FAILED TO START
***************************

Description:

Failed to configure a DataSource: 'url' attribute is not specified and no embedded datasource could be configured.

Reason: Failed to determine a suitable driver class


Action:

Consider the following:
	If you want an embedded database (H2, HSQL or Derby), please put it on the classpath.
	If you have database settings to be loaded from a particular profile you may need to activate it (no profiles are currently active).

2021-11-25 17:31:30,656 INFO  [main] SpringbootApplication: Starting SpringbootApplication using Java 1.8.0_131 on DESKTOP-UCTQGUL with PID 11272 (G:\springboot-demo\target\classes started by CCH in G:\springboot-demo)
2021-11-25 17:31:30,658 INFO  [main] SpringbootApplication: No active profile set, falling back to default profiles: default
2021-11-25 17:31:32,283 INFO  [main] TomcatWebServer: Tomcat initialized with port(s): 8080 (http)
2021-11-25 17:31:32,294 INFO  [main] Http11NioProtocol: Initializing ProtocolHandler ["http-nio-8080"]
2021-11-25 17:31:32,295 INFO  [main] StandardService: Starting service [Tomcat]
2021-11-25 17:31:32,295 INFO  [main] StandardEngine: Starting Servlet engine: [Apache Tomcat/9.0.54]
2021-11-25 17:31:32,296 INFO  [main] AprLifecycleListener: An older version [1.2.25] of the Apache Tomcat Native library is installed, while Tomcat recommends a minimum version of [1.2.30]
2021-11-25 17:31:32,296 INFO  [main] AprLifecycleListener: Loaded Apache Tomcat Native library [1.2.25] using APR version [1.7.0].
2021-11-25 17:31:32,296 INFO  [main] AprLifecycleListener: APR capabilities: IPv6 [true], sendfile [true], accept filters [false], random [true], UDS [false].
2021-11-25 17:31:32,296 INFO  [main] AprLifecycleListener: APR/OpenSSL configuration: useAprConnector [false], useOpenSSL [true]
2021-11-25 17:31:32,298 INFO  [main] AprLifecycleListener: OpenSSL successfully initialized [OpenSSL 1.1.1g  21 Apr 2020]
2021-11-25 17:31:32,389 INFO  [main] [/]: Initializing Spring embedded WebApplicationContext
2021-11-25 17:31:32,389 INFO  [main] ServletWebServerApplicationContext: Root WebApplicationContext: initialization completed in 1680 ms
2021-11-25 17:31:32,465 WARN  [main] AnnotationConfigServletWebServerApplicationContext: Exception encountered during context initialization - cancelling refresh attempt: org.springframework.beans.factory.BeanCreationException: Error creating bean with name 'accountController': Injection of resource dependencies failed; nested exception is org.springframework.beans.factory.UnsatisfiedDependencyException: Error creating bean with name 'accountServiceImpl': Unsatisfied dependency expressed through field 'globalMapper'; nested exception is org.springframework.beans.factory.UnsatisfiedDependencyException: Error creating bean with name 'accountMapper' defined in file [G:\springboot-demo\target\classes\com\cch\demo\account\mapper\AccountMapper.class]: Unsatisfied dependency expressed through bean property 'sqlSessionFactory'; nested exception is org.springframework.beans.factory.UnsatisfiedDependencyException: Error creating bean with name 'sqlSessionFactory' defined in class path resource [com/baomidou/mybatisplus/autoconfigure/MybatisPlusAutoConfiguration.class]: Unsatisfied dependency expressed through method 'sqlSessionFactory' parameter 0; nested exception is org.springframework.beans.factory.BeanCreationException: Error creating bean with name 'dataSource' defined in class path resource [org/springframework/boot/autoconfigure/jdbc/DataSourceConfiguration$Hikari.class]: Bean instantiation via factory method failed; nested exception is org.springframework.beans.BeanInstantiationException: Failed to instantiate [com.zaxxer.hikari.HikariDataSource]: Factory method 'dataSource' threw exception; nested exception is org.springframework.boot.autoconfigure.jdbc.DataSourceProperties$DataSourceBeanCreationException: Failed to determine a suitable driver class
2021-11-25 17:31:32,469 INFO  [main] StandardService: Stopping service [Tomcat]
2021-11-25 17:31:32,521 INFO  [main] ConditionEvaluationReportLoggingListener: 

Error starting ApplicationContext. To display the conditions report re-run your application with 'debug' enabled.
2021-11-25 17:31:32,535 ERROR [main] LoggingFailureAnalysisReporter: 

***************************
APPLICATION FAILED TO START
***************************

Description:

Failed to configure a DataSource: 'url' attribute is not specified and no embedded datasource could be configured.

Reason: Failed to determine a suitable driver class


Action:

Consider the following:
	If you want an embedded database (H2, HSQL or Derby), please put it on the classpath.
	If you have database settings to be loaded from a particular profile you may need to activate it (no profiles are currently active).

